[debug] [2024-07-30T10:59:47.705Z] ----------------------------------------------------------------------
[debug] [2024-07-30T10:59:47.710Z] Command:       D:\Softwares\Software Setups\nodejs\node.exe C:\Users\Rishikesh\AppData\Roaming\npm\node_modules\firebase-tools\lib\bin\firebase.js init
[debug] [2024-07-30T10:59:47.710Z] CLI Version:   13.14.2
[debug] [2024-07-30T10:59:47.711Z] Platform:      win32
[debug] [2024-07-30T10:59:47.711Z] Node Version:  v20.11.0
[debug] [2024-07-30T10:59:47.711Z] Time:          Tue Jul 30 2024 16:29:47 GMT+0530 (India Standard Time)
[debug] [2024-07-30T10:59:47.711Z] ----------------------------------------------------------------------
[debug] 
[debug] [2024-07-30T10:59:47.720Z] > command requires scopes: ["email","openid","https://www.googleapis.com/auth/cloudplatformprojects.readonly","https://www.googleapis.com/auth/firebase","https://www.googleapis.com/auth/cloud-platform"]
[debug] [2024-07-30T10:59:47.721Z] > authorizing via signed-in user (rishikeshbidkar04@gmail.com)
[info] 
     ######## #### ########  ######## ########     ###     ######  ########
     ##        ##  ##     ## ##       ##     ##  ##   ##  ##       ##
     ######    ##  ########  ######   ########  #########  ######  ######
     ##        ##  ##    ##  ##       ##     ## ##     ##       ## ##
     ##       #### ##     ## ######## ########  ##     ##  ######  ########

You're about to initialize a Firebase project in this directory:

  D:\Nextjs\drive

[info] 
=== Project Setup
[info] 
[info] First, let's associate this project directory with a Firebase project.
[info] You can create multiple project aliases by running firebase use --add, 
[info] but for now we'll just set up a default project.
[info] 
[debug] [2024-07-30T11:00:43.381Z] > refreshing access token with scopes: []
[debug] [2024-07-30T11:00:43.383Z] >>> [apiv2][query] POST https://www.googleapis.com/oauth2/v3/token [none]
[debug] [2024-07-30T11:00:43.383Z] >>> [apiv2][body] POST https://www.googleapis.com/oauth2/v3/token [omitted]
[debug] [2024-07-30T11:00:43.666Z] <<< [apiv2][status] POST https://www.googleapis.com/oauth2/v3/token 400
[debug] [2024-07-30T11:00:43.666Z] <<< [apiv2][body] POST https://www.googleapis.com/oauth2/v3/token [omitted]
[debug] [2024-07-30T11:00:43.667Z] >>> [apiv2][query] GET https://firebase.googleapis.com/v1beta1/projects pageSize=100
[debug] [2024-07-30T11:00:43.853Z] <<< [apiv2][status] GET https://firebase.googleapis.com/v1beta1/projects 401
[debug] [2024-07-30T11:00:43.853Z] <<< [apiv2][body] GET https://firebase.googleapis.com/v1beta1/projects [omitted]
[debug] [2024-07-30T11:00:43.854Z] HTTP Error: 401, Request had invalid authentication credentials. Expected OAuth 2 access token, login cookie or other valid authentication credential. See https://developers.google.com/identity/sign-in/web/devconsole-project.
[debug] [2024-07-30T11:00:43.952Z] FirebaseError: HTTP Error: 401, Request had invalid authentication credentials. Expected OAuth 2 access token, login cookie or other valid authentication credential. See https://developers.google.com/identity/sign-in/web/devconsole-project.
    at responseToError (C:\Users\Rishikesh\AppData\Roaming\npm\node_modules\firebase-tools\lib\responseToError.js:49:12)
    at RetryOperation._fn (C:\Users\Rishikesh\AppData\Roaming\npm\node_modules\firebase-tools\lib\apiv2.js:305:77)
    at process.processTicksAndRejections (node:internal/process/task_queues:95:5)
[error] 
[error] Error: Failed to list Firebase projects. See firebase-debug.log for more info.
[debug] [2024-07-30T11:01:01.755Z] ----------------------------------------------------------------------
[debug] [2024-07-30T11:01:01.759Z] Command:       D:\Softwares\Software Setups\nodejs\node.exe C:\Users\Rishikesh\AppData\Roaming\npm\node_modules\firebase-tools\lib\bin\firebase.js init
[debug] [2024-07-30T11:01:01.759Z] CLI Version:   13.14.2
[debug] [2024-07-30T11:01:01.759Z] Platform:      win32
[debug] [2024-07-30T11:01:01.759Z] Node Version:  v20.11.0
[debug] [2024-07-30T11:01:01.760Z] Time:          Tue Jul 30 2024 16:31:01 GMT+0530 (India Standard Time)
[debug] [2024-07-30T11:01:01.760Z] ----------------------------------------------------------------------
[debug] 
[debug] [2024-07-30T11:01:01.768Z] > command requires scopes: ["email","openid","https://www.googleapis.com/auth/cloudplatformprojects.readonly","https://www.googleapis.com/auth/firebase","https://www.googleapis.com/auth/cloud-platform"]
[debug] [2024-07-30T11:01:01.769Z] > authorizing via signed-in user (rishikeshbidkar04@gmail.com)
[info] 
     ######## #### ########  ######## ########     ###     ######  ########
     ##        ##  ##     ## ##       ##     ##  ##   ##  ##       ##
     ######    ##  ########  ######   ########  #########  ######  ######
     ##        ##  ##    ##  ##       ##     ## ##     ##       ## ##
     ##       #### ##     ## ######## ########  ##     ##  ######  ########

You're about to initialize a Firebase project in this directory:

  D:\Nextjs\drive

[info] 
=== Project Setup
[info] 
[info] First, let's associate this project directory with a Firebase project.
[info] You can create multiple project aliases by running firebase use --add, 
[info] but for now we'll just set up a default project.
[info] 
[info] 
=== Database Setup
[info] 
[info] Firebase Realtime Database Security Rules allow you to define how your data should be
[info] structured and when your data can be read from and written to.
[info] 
